{
  "RSpec": {
    "coverage": {
      "/Users/maryturpin/turing/1Module/projects/Enigma_final/spec/keys_offsets_spec.rb": {
        "lines": [
          1,
          null,
          1,
          1,
          5,
          null,
          null,
          1,
          1,
          null,
          null,
          1,
          1,
          null,
          null,
          1,
          1,
          1,
          null,
          null,
          1,
          1,
          null,
          null,
          1,
          1,
          1,
          null,
          null
        ]
      },
      "/Users/maryturpin/turing/1Module/projects/Enigma_final/lib/keys_offsets.rb": {
        "lines": [
          1,
          1,
          null,
          1,
          null,
          1,
          11,
          55,
          11,
          121,
          11,
          null,
          null
        ]
      },
      "/Users/maryturpin/turing/1Module/projects/Enigma_final/spec/enigma_spec.rb": {
        "lines": [

        ]
      },
      "/Users/maryturpin/turing/1Module/projects/Enigma_final/spec/encrypt_spec.rb": {
        "lines": [
          1,
          1,
          null,
          1,
          1,
          6,
          6,
          6,
          null,
          null,
          1,
          1,
          null,
          null,
          1,
          1,
          1,
          null,
          null,
          1,
          1,
          null,
          null,
          1,
          1,
          null,
          null,
          1,
          1,
          null,
          null,
          1,
          1,
          null,
          null
        ]
      },
      "/Users/maryturpin/turing/1Module/projects/Enigma_final/lib/encrypt.rb": {
        "lines": [
          1,
          1,
          1,
          null,
          1,
          1,
          null,
          1,
          null,
          1,
          6,
          null,
          null,
          1,
          6,
          33,
          3,
          null,
          6,
          3,
          3,
          3,
          null,
          3,
          0,
          0,
          null,
          0,
          0,
          0,
          0,
          null,
          3,
          null,
          4,
          2,
          2,
          2,
          null,
          null,
          null,
          2,
          1,
          1,
          1,
          null,
          null,
          6,
          null,
          null,
          1,
          6,
          6,
          6,
          6,
          18,
          67,
          1,
          66,
          18,
          18,
          18,
          48,
          18,
          18,
          18,
          30,
          18,
          18,
          18,
          12,
          12,
          12,
          12,
          null,
          0,
          null,
          null,
          null,
          6,
          null,
          null
        ]
      },
      "/Users/maryturpin/turing/1Module/projects/Enigma_final/lib/rotatable.rb": {
        "lines": [
          1,
          null,
          1,
          18,
          null,
          null,
          1,
          18,
          null,
          null,
          1,
          18,
          null,
          null,
          1,
          12,
          null,
          null,
          1,
          0,
          0,
          0,
          0,
          null,
          null
        ]
      }
    },
    "timestamp": 1655061666
  }
}
